PLINK v2.00a6 M1 (23 Nov 2023)
Options in effect:
  --make-pgen
  --map /Users/uqsliu28/Documents/personal/cpp/BayesOmics-private/samples/pseudo/data//CauPleIntNull//ind/psuedo-1kg-chr22-cauPleIntNull-model.map
  --out /Users/uqsliu28/Documents/personal/cpp/BayesOmics-private/samples/pseudo/data//CauPleIntNull//ind/psuedo-1kg-chr22-cauPleIntNull-model
  --ped /Users/uqsliu28/Documents/personal/cpp/BayesOmics-private/samples/pseudo/data//CauPleIntNull//ind/psuedo-1kg-chr22-cauPleIntNull-model.ped

Hostname: MOE-FVFGL060Q6LX
Working directory: /Users/uqsliu28/Documents/personal/R/SBayesOmics-private/inst/scripts
Start time: Sat May  3 16:28:31 2025

Random number seed: 1746253711
16384 MiB RAM detected; reserving 8192 MiB for main workspace.
Using up to 8 compute threads.
--pedmap: 2991 variants in .map file.
--pedmap: 10000 samples present, genotypes extracted to
/Users/uqsliu28/Documents/personal/cpp/BayesOmics-private/samples/pseudo/data//CauPleIntNull//ind/psuedo-1kg-chr22-cauPleIntNull-model-temporary.bed.smaj
.
Transposing sample-major .bed to
/Users/uqsliu28/Documents/personal/cpp/BayesOmics-private/samples/pseudo/data//CauPleIntNull//ind/psuedo-1kg-chr22-cauPleIntNull-model-temporary.pgen
, and setting major alleles to provisional-REF.
Transpose complete.
--pedmap:
/Users/uqsliu28/Documents/personal/cpp/BayesOmics-private/samples/pseudo/data//CauPleIntNull//ind/psuedo-1kg-chr22-cauPleIntNull-model-temporary.pgen
+
/Users/uqsliu28/Documents/personal/cpp/BayesOmics-private/samples/pseudo/data//CauPleIntNull//ind/psuedo-1kg-chr22-cauPleIntNull-model-temporary.pvar
+
/Users/uqsliu28/Documents/personal/cpp/BayesOmics-private/samples/pseudo/data//CauPleIntNull//ind/psuedo-1kg-chr22-cauPleIntNull-model-temporary.psam
written. .bed.smaj and .fam.tmp temporary files deleted.
10000 samples (0 females, 0 males, 10000 ambiguous; 0 founders) loaded from
/Users/uqsliu28/Documents/personal/cpp/BayesOmics-private/samples/pseudo/data//CauPleIntNull//ind/psuedo-1kg-chr22-cauPleIntNull-model-temporary.psam.
2991 variants loaded from
/Users/uqsliu28/Documents/personal/cpp/BayesOmics-private/samples/pseudo/data//CauPleIntNull//ind/psuedo-1kg-chr22-cauPleIntNull-model-temporary.pvar.
Note: No phenotype data present.
Writing
/Users/uqsliu28/Documents/personal/cpp/BayesOmics-private/samples/pseudo/data//CauPleIntNull//ind/psuedo-1kg-chr22-cauPleIntNull-model.psam
... done.
Writing
/Users/uqsliu28/Documents/personal/cpp/BayesOmics-private/samples/pseudo/data//CauPleIntNull//ind/psuedo-1kg-chr22-cauPleIntNull-model.pvar
... done.
Writing
/Users/uqsliu28/Documents/personal/cpp/BayesOmics-private/samples/pseudo/data//CauPleIntNull//ind/psuedo-1kg-chr22-cauPleIntNull-model.pgen
... done.

End time: Sat May  3 16:28:31 2025
